nohup: ignoring input
/home/trader/moex_bot/research/pnl_fake_poc.py:45: UserWarning: Converting to PeriodArray/Index representation will drop timezone information.
  res['month'] = res.entry_time.dt.to_period('M')
      month  trades  net_pnl      avg_pnl
0   2020-03      54    88141  1632.240741
1   2020-04       9    14368  1596.444444
2   2020-09      13    21619  1663.000000
3   2020-10      17    28202  1658.941176
4   2020-11       8    13436  1679.500000
5   2022-01      35    57594  1645.542857
6   2022-02      40    79552  1988.800000
7   2022-04      26    63015  2423.653846
8   2023-04      20    34334  1716.700000
9   2023-05      50    82858  1657.160000
10  2023-06      29    80950  2791.379310
11  2024-06       4    10015  2503.750000
12  2025-03      12    33819  2818.250000
13  2025-04       9    25087  2787.444444
14  2025-05      44   125638  2855.409091
15  2025-06      33    99349  3010.575758
16  2025-07      19    52363  2755.947368
17  2025-09      16    44602  2787.625000
18  2025-10      18    49160  2731.111111
19  2025-11      11    39549  3595.363636
20  2025-12      66   173972  2635.939394

TOTAL:
trades         533
net_pnl    1217623
dtype: int64
