nohup: ignoring input
/home/trader/moex_bot/research/pnl_fake_poc_stop.py:89: UserWarning: Converting to PeriodArray/Index representation will drop timezone information.
  res['month'] = pd.to_datetime(res['entry_time']).dt.to_period('M')
      month  trades  net_pnl     avg_pnl  win_rate  stop_rate
0   2020-03      26  -2290.0  -88.076923  0.076923   0.923077
1   2020-04       3   -918.0 -306.000000  0.000000   1.000000
2   2020-09       4   -537.0 -134.250000  0.000000   1.000000
3   2020-10       7  -1112.0 -158.857143  0.000000   1.000000
4   2020-11       3   -267.0  -89.000000  0.000000   1.000000
5   2022-01       9  -1437.0 -159.666667  0.000000   1.000000
6   2022-02      14  -2365.0 -168.928571  0.071429   0.928571
7   2022-04       9   5587.0  620.777778  0.333333   0.666667
8   2023-04       6   1212.0  202.000000  0.166667   0.833333
9   2023-05      15   -546.0  -36.400000  0.066667   0.933333
10  2023-06      12  -2028.0 -169.000000  0.000000   1.000000
11  2024-06       1   -849.0 -849.000000  0.000000   1.000000
12  2025-03       5   2387.0  477.400000  0.200000   0.800000
13  2025-04       5   -455.0  -91.000000  0.000000   1.000000
14  2025-05      16   1276.0   79.750000  0.062500   0.937500
15  2025-06      19  -1343.0  -70.684211  0.000000   1.000000
16  2025-07      12   1538.0  128.166667  0.083333   0.916667
17  2025-09       8   -915.0 -114.375000  0.000000   1.000000
18  2025-10      11   6329.0  575.363636  0.272727   0.727273
19  2025-11       6   -580.0  -96.666667  0.000000   1.000000
20  2025-12      33   2455.0   74.393939  0.060606   0.939394
21  2026-01      13  -1001.0  -77.000000  0.000000   1.000000

TOTAL:
net_pnl    4141.0
dtype: float64

REASON:
reason
STOP    221
POC      16
Name: count, dtype: int64
